# JRE version: OpenJDK Runtime Environment (11.0.13) (build 11.0.13+0-b1751.21-8125866)
# Java VM: OpenJDK 64-Bit Server VM (11.0.13+0-b1751.21-8125866, mixed mode, tiered, compressed oops, g1 gc, windows-amd64)
Heap:
 garbage-first heap   total 305152K, used 213020K [0x0000000080000000, 0x0000000100000000)
  region size 1024K, 26 young (26624K), 2 survivors (2048K)
 Metaspace       used 142051K, capacity 146121K, committed 146336K, reserved 1175552K
  class space    used 18076K, capacity 19554K, committed 19660K, reserved 1048576K
GC Heap History (20 events):
Event: 356.738 GC heap before
{Heap before GC invocations=61 (full 0):
 garbage-first heap   total 200704K, used 178859K [0x0000000080000000, 0x0000000100000000)
  region size 1024K, 5 young (5120K), 1 survivors (1024K)
 Metaspace       used 129824K, capacity 133705K, committed 133792K, reserved 1165312K
  class space    used 16651K, capacity 18091K, committed 18124K, reserved 1048576K
}
Event: 356.741 GC heap after
{Heap after GC invocations=62 (full 0):
 garbage-first heap   total 200704K, used 177299K [0x0000000080000000, 0x0000000100000000)
  region size 1024K, 1 young (1024K), 1 survivors (1024K)
 Metaspace       used 129824K, capacity 133705K, committed 133792K, reserved 1165312K
  class space    used 16651K, capacity 18091K, committed 18124K, reserved 1048576K
}
Event: 357.002 GC heap before
{Heap before GC invocations=62 (full 0):
 garbage-first heap   total 200704K, used 186515K [0x0000000080000000, 0x0000000100000000)
  region size 1024K, 9 young (9216K), 1 survivors (1024K)
 Metaspace       used 130998K, capacity 134927K, committed 135200K, reserved 1167360K
  class space    used 16716K, capacity 18157K, committed 18252K, reserved 1048576K
}
Event: 357.007 GC heap after
{Heap after GC invocations=63 (full 0):
 garbage-first heap   total 200704K, used 176884K [0x0000000080000000, 0x0000000100000000)
  region size 1024K, 1 young (1024K), 1 survivors (1024K)
 Metaspace       used 130998K, capacity 134927K, committed 135200K, reserved 1167360K
  class space    used 16716K, capacity 18157K, committed 18252K, reserved 1048576K
}
Event: 357.660 GC heap before
{Heap before GC invocations=64 (full 0):
 garbage-first heap   total 200704K, used 184052K [0x0000000080000000, 0x0000000100000000)
  region size 1024K, 9 young (9216K), 1 survivors (1024K)
 Metaspace       used 132077K, capacity 136009K, committed 136352K, reserved 1167360K
  class space    used 16852K, capacity 18257K, committed 18380K, reserved 1048576K
}
Event: 357.667 GC heap after
{Heap after GC invocations=65 (full 0):
 garbage-first heap   total 200704K, used 177219K [0x0000000080000000, 0x0000000100000000)
  region size 1024K, 1 young (1024K), 1 survivors (1024K)
 Metaspace       used 132077K, capacity 136009K, committed 136352K, reserved 1167360K
  class space    used 16852K, capacity 18257K, committed 18380K, reserved 1048576K
}
Event: 358.095 GC heap before
{Heap before GC invocations=65 (full 0):
 garbage-first heap   total 200704K, used 184387K [0x0000000080000000, 0x0000000100000000)
  region size 1024K, 9 young (9216K), 1 survivors (1024K)
 Metaspace       used 132980K, capacity 136814K, committed 136992K, reserved 1167360K
  class space    used 16948K, capacity 18394K, committed 18508K, reserved 1048576K
}
Event: 358.103 GC heap after
{Heap after GC invocations=66 (full 0):
 garbage-first heap   total 200704K, used 178182K [0x0000000080000000, 0x0000000100000000)
  region size 1024K, 2 young (2048K), 2 survivors (2048K)
 Metaspace       used 132980K, capacity 136814K, committed 136992K, reserved 1167360K
  class space    used 16948K, capacity 18394K, committed 18508K, reserved 1048576K
}
Event: 358.332 GC heap before
{Heap before GC invocations=66 (full 0):
 garbage-first heap   total 200704K, used 185350K [0x0000000080000000, 0x0000000100000000)
  region size 1024K, 9 young (9216K), 2 survivors (2048K)
 Metaspace       used 134043K, capacity 137838K, committed 138016K, reserved 1169408K
  class space    used 17043K, capacity 18458K, committed 18508K, reserved 1048576K
}
Event: 358.343 GC heap after
{Heap after GC invocations=67 (full 0):
 garbage-first heap   total 253952K, used 178678K [0x0000000080000000, 0x0000000100000000)
  region size 1024K, 1 young (1024K), 1 survivors (1024K)
 Metaspace       used 134043K, capacity 137838K, committed 138016K, reserved 1169408K
  class space    used 17043K, capacity 18458K, committed 18508K, reserved 1048576K
}
Event: 359.435 GC heap before
{Heap before GC invocations=68 (full 0):
 garbage-first heap   total 253952K, used 201206K [0x0000000080000000, 0x0000000100000000)
  region size 1024K, 23 young (23552K), 1 survivors (1024K)
 Metaspace       used 136560K, capacity 140561K, committed 140704K, reserved 1171456K
  class space    used 17368K, capacity 18827K, committed 18892K, reserved 1048576K
}
Event: 359.444 GC heap after
{Heap after GC invocations=69 (full 0):
 garbage-first heap   total 253952K, used 180785K [0x0000000080000000, 0x0000000100000000)
  region size 1024K, 3 young (3072K), 3 survivors (3072K)
 Metaspace       used 136560K, capacity 140561K, committed 140704K, reserved 1171456K
  class space    used 17368K, capacity 18827K, committed 18892K, reserved 1048576K
}
Event: 365.126 GC heap before
{Heap before GC invocations=69 (full 0):
 garbage-first heap   total 253952K, used 203313K [0x0000000080000000, 0x0000000100000000)
  region size 1024K, 26 young (26624K), 3 survivors (3072K)
 Metaspace       used 139601K, capacity 143509K, committed 143648K, reserved 1173504K
  class space    used 17769K, capacity 19229K, committed 19276K, reserved 1048576K
}
Event: 365.149 GC heap after
{Heap after GC invocations=70 (full 0):
 garbage-first heap   total 253952K, used 182730K [0x0000000080000000, 0x0000000100000000)
  region size 1024K, 2 young (2048K), 2 survivors (2048K)
 Metaspace       used 139601K, capacity 143509K, committed 143648K, reserved 1173504K
  class space    used 17769K, capacity 19229K, committed 19276K, reserved 1048576K
}
Event: 366.105 GC heap before
{Heap before GC invocations=71 (full 0):
 garbage-first heap   total 253952K, used 206282K [0x0000000080000000, 0x0000000100000000)
  region size 1024K, 26 young (26624K), 2 survivors (2048K)
 Metaspace       used 140020K, capacity 144004K, committed 144160K, reserved 1175552K
  class space    used 17816K, capacity 19263K, committed 19276K, reserved 1048576K
}
Event: 366.123 GC heap after
{Heap after GC invocations=72 (full 0):
 garbage-first heap   total 253952K, used 185537K [0x0000000080000000, 0x0000000100000000)
  region size 1024K, 4 young (4096K), 4 survivors (4096K)
 Metaspace       used 140020K, capacity 144004K, committed 144160K, reserved 1175552K
  class space    used 17816K, capacity 19263K, committed 19276K, reserved 1048576K
}
Event: 366.584 GC heap before
{Heap before GC invocations=72 (full 0):
 garbage-first heap   total 253952K, used 208065K [0x0000000080000000, 0x0000000100000000)
  region size 1024K, 27 young (27648K), 4 survivors (4096K)
 Metaspace       used 140172K, capacity 144083K, committed 144160K, reserved 1175552K
  class space    used 17828K, capacity 19267K, committed 19276K, reserved 1048576K
}
Event: 366.611 GC heap after
{Heap after GC invocations=73 (full 0):
 garbage-first heap   total 253952K, used 188482K [0x0000000080000000, 0x0000000100000000)
  region size 1024K, 3 young (3072K), 3 survivors (3072K)
 Metaspace       used 140172K, capacity 144083K, committed 144160K, reserved 1175552K
  class space    used 17828K, capacity 19267K, committed 19276K, reserved 1048576K
}
Event: 367.544 GC heap before
{Heap before GC invocations=73 (full 0):
 garbage-first heap   total 253952K, used 212034K [0x0000000080000000, 0x0000000100000000)
  region size 1024K, 26 young (26624K), 3 survivors (3072K)
 Metaspace       used 140673K, capacity 144664K, committed 144800K, reserved 1175552K
  class space    used 17887K, capacity 19328K, committed 19404K, reserved 1048576K
}
Event: 367.559 GC heap after
{Heap after GC invocations=74 (full 0):
 garbage-first heap   total 305152K, used 189468K [0x0000000080000000, 0x0000000100000000)
  region size 1024K, 2 young (2048K), 2 survivors (2048K)
 Metaspace       used 140673K, capacity 144664K, committed 144800K, reserved 1175552K
  class space    used 17887K, capacity 19328K, committed 19404K, reserved 1048576K
}

